#! /c/Source/iverilog-install/bin/vvp
:ivl_version "12.0 (devel)" "(s20150603-1110-g18392a46)";
:ivl_delay_selection "TYPICAL";
:vpi_time_precision + 0;
:vpi_module "C:\iverilog\lib\ivl\system.vpi";
:vpi_module "C:\iverilog\lib\ivl\vhdl_sys.vpi";
:vpi_module "C:\iverilog\lib\ivl\vhdl_textio.vpi";
:vpi_module "C:\iverilog\lib\ivl\v2005_math.vpi";
:vpi_module "C:\iverilog\lib\ivl\va_math.vpi";
S_00000285ea165020 .scope module, "Counter0to15TestBench" "Counter0to15TestBench" 2 1;
 .timescale 0 0;
v00000285ea02b8c0_0 .var "Clk", 0 0;
v00000285ea142c20_0 .net "Count", 3 0, v00000285ea176440_0;  1 drivers
v00000285ea142cc0_0 .var "Expected_Output", 3 0;
v00000285ea142d60_0 .var "Fault_Counter", 15 0;
v00000285ea142e00_0 .var "Fault_Indicator", 0 0;
v00000285ea142ea0_0 .var "Qa", 0 0;
v00000285ea173d60_0 .var "Qb", 0 0;
v00000285ea173e00_0 .var "Qc", 0 0;
v00000285ea173ea0_0 .var "Qd", 0 0;
v00000285ea173f40 .array "Testvectors", 33 0, 3 0;
v00000285ea173fe0_0 .var "vectornum", 7 0;
E_00000285ea02a050 .event negedge, v00000285ea1651b0_0;
S_00000285ea142a90 .scope module, "Counter" "Counter0to15" 2 16, 3 1 0, S_00000285ea165020;
 .timescale 0 0;
    .port_info 0 /OUTPUT 4 "Count";
    .port_info 1 /INPUT 1 "Clk";
v00000285ea1651b0_0 .net "Clk", 0 0, v00000285ea02b8c0_0;  1 drivers
v00000285ea176440_0 .var "Count", 3 0;
E_00000285ea02a490 .event posedge, v00000285ea1651b0_0;
    .scope S_00000285ea142a90;
T_0 ;
    %pushi/vec4 0, 0, 4;
    %assign/vec4 v00000285ea176440_0, 0;
    %end;
    .thread T_0;
    .scope S_00000285ea142a90;
T_1 ;
    %wait E_00000285ea02a490;
    %load/vec4 v00000285ea176440_0;
    %addi 1, 0, 4;
    %assign/vec4 v00000285ea176440_0, 0;
    %jmp T_1;
    .thread T_1;
    .scope S_00000285ea165020;
T_2 ;
    %vpi_call 2 19 "$dumpfile", "The_output.vcd" {0 0 0};
    %vpi_call 2 20 "$dumpvars", 32'sb00000000000000000000000000000000, v00000285ea142c20_0 {0 0 0};
    %vpi_call 2 21 "$dumpvars", 32'sb00000000000000000000000000000000, v00000285ea02b8c0_0 {0 0 0};
    %vpi_call 2 22 "$dumpvars", 32'sb00000000000000000000000000000000, &PV<v00000285ea142c20_0, 0, 1> {0 0 0};
    %vpi_call 2 23 "$dumpvars", 32'sb00000000000000000000000000000000, v00000285ea173d60_0 {0 0 0};
    %vpi_call 2 24 "$dumpvars", 32'sb00000000000000000000000000000000, v00000285ea173e00_0 {0 0 0};
    %vpi_call 2 25 "$dumpvars", 32'sb00000000000000000000000000000000, v00000285ea173ea0_0 {0 0 0};
    %vpi_call 2 26 "$dumpvars", 32'sb00000000000000000000000000000000, v00000285ea142cc0_0 {0 0 0};
    %vpi_call 2 27 "$dumpvars", 32'sb00000000000000000000000000000000, v00000285ea142e00_0 {0 0 0};
    %vpi_call 2 28 "$dumpvars", 32'sb00000000000000000000000000000000, v00000285ea142d60_0 {0 0 0};
    %vpi_call 2 29 "$readmemb", "memory_binary.txt", v00000285ea173f40 {0 0 0};
    %pushi/vec4 0, 0, 16;
    %store/vec4 v00000285ea142d60_0, 0, 16;
    %pushi/vec4 0, 0, 8;
    %store/vec4 v00000285ea173fe0_0, 0, 8;
    %end;
    .thread T_2;
    .scope S_00000285ea165020;
T_3 ;
    %pushi/vec4 0, 0, 1;
    %store/vec4 v00000285ea02b8c0_0, 0, 1;
    %pushi/vec4 65, 0, 32;
T_3.0 %dup/vec4;
    %pushi/vec4 0, 0, 32;
    %cmp/s;
    %jmp/1xz T_3.1, 5;
    %jmp/1 T_3.1, 4;
    %pushi/vec4 1, 0, 32;
    %sub;
    %delay 5, 0;
    %load/vec4 v00000285ea02b8c0_0;
    %inv;
    %store/vec4 v00000285ea02b8c0_0, 0, 1;
    %jmp T_3.0;
T_3.1 ;
    %pop/vec4 1;
    %vpi_call 2 37 "$finish" {0 0 0};
    %end;
    .thread T_3;
    .scope S_00000285ea165020;
T_4 ;
    %wait E_00000285ea02a490;
    %ix/getv 4, v00000285ea173fe0_0;
    %load/vec4a v00000285ea173f40, 4;
    %store/vec4 v00000285ea142cc0_0, 0, 4;
    %load/vec4 v00000285ea142c20_0;
    %parti/s 1, 0, 2;
    %store/vec4 v00000285ea142ea0_0, 0, 1;
    %load/vec4 v00000285ea142c20_0;
    %parti/s 1, 1, 2;
    %store/vec4 v00000285ea173d60_0, 0, 1;
    %load/vec4 v00000285ea142c20_0;
    %parti/s 1, 2, 3;
    %store/vec4 v00000285ea173e00_0, 0, 1;
    %load/vec4 v00000285ea142c20_0;
    %parti/s 1, 3, 3;
    %store/vec4 v00000285ea173ea0_0, 0, 1;
    %jmp T_4;
    .thread T_4;
    .scope S_00000285ea165020;
T_5 ;
    %wait E_00000285ea02a050;
    %load/vec4 v00000285ea142c20_0;
    %load/vec4 v00000285ea142cc0_0;
    %cmp/e;
    %jmp/0xz  T_5.0, 4;
    %vpi_call 2 51 "$display", "Test Passed - (Expected Result ->%d) - (And ALU Result is ->%d) ", v00000285ea142cc0_0, v00000285ea142c20_0 {0 0 0};
    %pushi/vec4 0, 0, 1;
    %store/vec4 v00000285ea142e00_0, 0, 1;
    %jmp T_5.1;
T_5.0 ;
    %vpi_call 2 55 "$display", "Test FAILED!! - (Expected Result->%d) - (But ALU Result is->%d) ", v00000285ea142cc0_0, v00000285ea142c20_0 {0 0 0};
    %pushi/vec4 1, 0, 1;
    %store/vec4 v00000285ea142e00_0, 0, 1;
    %load/vec4 v00000285ea142d60_0;
    %addi 1, 0, 16;
    %store/vec4 v00000285ea142d60_0, 0, 16;
T_5.1 ;
    %load/vec4 v00000285ea173fe0_0;
    %addi 1, 0, 8;
    %store/vec4 v00000285ea173fe0_0, 0, 8;
    %jmp T_5;
    .thread T_5;
# The file index is used to find the file name in the following table.
:file_names 4;
    "N/A";
    "<interactive>";
    ".\\Counter0to15TestBench.v";
    ".\\Counter0to15.v";
