#! /c/Source/iverilog-install/bin/vvp
:ivl_version "12.0 (devel)" "(s20150603-1110-g18392a46)";
:ivl_delay_selection "TYPICAL";
:vpi_time_precision + 0;
:vpi_module "C:\iverilog\lib\ivl\system.vpi";
:vpi_module "C:\iverilog\lib\ivl\vhdl_sys.vpi";
:vpi_module "C:\iverilog\lib\ivl\vhdl_textio.vpi";
:vpi_module "C:\iverilog\lib\ivl\v2005_math.vpi";
:vpi_module "C:\iverilog\lib\ivl\va_math.vpi";
S_00000193721595f0 .scope module, "t_ff_tb" "t_ff_tb" 2 1;
 .timescale 0 0;
v000001937215abf0_0 .var "Fault_Indicator", 0 0;
v000001937215ac90_0 .var "clear", 0 0;
v0000019371fd4160_0 .var "clk", 0 0;
v0000019371fd4200_0 .net "q", 0 0, v0000019371fa2b20_0;  1 drivers
v0000019371fd42a0_0 .var "t", 0 0;
S_000001937215bcf0 .scope module, "DUT" "t_ff" 2 8, 3 1 0, S_00000193721595f0;
 .timescale 0 0;
    .port_info 0 /INPUT 1 "t";
    .port_info 1 /INPUT 1 "clear";
    .port_info 2 /INPUT 1 "clk";
    .port_info 3 /OUTPUT 1 "q";
v000001937215aab0_0 .net "clear", 0 0, v000001937215ac90_0;  1 drivers
v0000019371fd63b0_0 .net "clk", 0 0, v0000019371fd4160_0;  1 drivers
v0000019371fa2b20_0 .var "q", 0 0;
v000001937215ab50_0 .net "t", 0 0, v0000019371fd42a0_0;  1 drivers
E_0000019371fc5450/0 .event anyedge, v000001937215aab0_0;
E_0000019371fc5450/1 .event posedge, v0000019371fd63b0_0;
E_0000019371fc5450 .event/or E_0000019371fc5450/0, E_0000019371fc5450/1;
    .scope S_000001937215bcf0;
T_0 ;
    %wait E_0000019371fc5450;
    %load/vec4 v000001937215aab0_0;
    %dup/vec4;
    %pushi/vec4 1, 0, 1;
    %cmp/u;
    %jmp/1 T_0.0, 6;
    %load/vec4 v000001937215ab50_0;
    %dup/vec4;
    %pushi/vec4 0, 0, 1;
    %cmp/u;
    %jmp/1 T_0.3, 6;
    %dup/vec4;
    %pushi/vec4 1, 0, 1;
    %cmp/u;
    %jmp/1 T_0.4, 6;
    %jmp T_0.5;
T_0.3 ;
    %load/vec4 v0000019371fa2b20_0;
    %assign/vec4 v0000019371fa2b20_0, 0;
    %jmp T_0.5;
T_0.4 ;
    %load/vec4 v0000019371fa2b20_0;
    %inv;
    %assign/vec4 v0000019371fa2b20_0, 0;
    %jmp T_0.5;
T_0.5 ;
    %pop/vec4 1;
    %jmp T_0.2;
T_0.0 ;
    %pushi/vec4 0, 0, 1;
    %assign/vec4 v0000019371fa2b20_0, 0;
    %jmp T_0.2;
T_0.2 ;
    %pop/vec4 1;
    %jmp T_0;
    .thread T_0;
    .scope S_00000193721595f0;
T_1 ;
    %vpi_call 2 11 "$dumpfile", "The_output.vcd" {0 0 0};
    %vpi_call 2 12 "$dumpvars", 32'sb00000000000000000000000000000000, v0000019371fd42a0_0 {0 0 0};
    %vpi_call 2 13 "$dumpvars", 32'sb00000000000000000000000000000000, v000001937215ac90_0 {0 0 0};
    %vpi_call 2 14 "$dumpvars", 32'sb00000000000000000000000000000000, v0000019371fd4160_0 {0 0 0};
    %vpi_call 2 15 "$dumpvars", 32'sb00000000000000000000000000000000, v0000019371fd4200_0 {0 0 0};
    %vpi_call 2 16 "$dumpvars", 32'sb00000000000000000000000000000000, v000001937215abf0_0 {0 0 0};
    %pushi/vec4 0, 0, 1;
    %store/vec4 v000001937215abf0_0, 0, 1;
    %end;
    .thread T_1;
    .scope S_00000193721595f0;
T_2 ;
    %pushi/vec4 0, 0, 1;
    %store/vec4 v0000019371fd42a0_0, 0, 1;
    %pushi/vec4 1, 0, 1;
    %store/vec4 v000001937215ac90_0, 0, 1;
    %pushi/vec4 0, 0, 1;
    %store/vec4 v0000019371fd4160_0, 0, 1;
    %delay 5, 0;
    %pushi/vec4 0, 0, 1;
    %store/vec4 v000001937215ac90_0, 0, 1;
    %pushi/vec4 1, 0, 1;
    %store/vec4 v0000019371fd4160_0, 0, 1;
    %delay 5, 0;
    %load/vec4 v0000019371fd4200_0;
    %pad/u 32;
    %cmpi/ne 0, 0, 32;
    %jmp/0xz  T_2.0, 4;
    %vpi_call 2 31 "$display", "test failed for q=0, t=0" {0 0 0};
T_2.0 ;
    %pushi/vec4 0, 0, 1;
    %store/vec4 v0000019371fd4160_0, 0, 1;
    %delay 5, 0;
    %pushi/vec4 1, 0, 1;
    %store/vec4 v0000019371fd42a0_0, 0, 1;
    %pushi/vec4 1, 0, 1;
    %store/vec4 v0000019371fd4160_0, 0, 1;
    %delay 5, 0;
    %load/vec4 v0000019371fd4200_0;
    %pad/u 32;
    %cmpi/ne 1, 0, 32;
    %jmp/0xz  T_2.2, 4;
    %vpi_call 2 41 "$display", "test failed for q=0, t=1" {0 0 0};
T_2.2 ;
    %pushi/vec4 0, 0, 1;
    %store/vec4 v0000019371fd4160_0, 0, 1;
    %delay 5, 0;
    %pushi/vec4 0, 0, 1;
    %store/vec4 v0000019371fd42a0_0, 0, 1;
    %pushi/vec4 1, 0, 1;
    %store/vec4 v0000019371fd4160_0, 0, 1;
    %delay 5, 0;
    %load/vec4 v0000019371fd4200_0;
    %pad/u 32;
    %cmpi/ne 1, 0, 32;
    %jmp/0xz  T_2.4, 4;
    %vpi_call 2 50 "$display", "test failed for q=1, t=0" {0 0 0};
T_2.4 ;
    %pushi/vec4 0, 0, 1;
    %store/vec4 v0000019371fd4160_0, 0, 1;
    %delay 5, 0;
    %pushi/vec4 1, 0, 1;
    %store/vec4 v0000019371fd42a0_0, 0, 1;
    %pushi/vec4 1, 0, 1;
    %store/vec4 v0000019371fd4160_0, 0, 1;
    %delay 5, 0;
    %load/vec4 v0000019371fd4200_0;
    %pad/u 32;
    %cmpi/ne 0, 0, 32;
    %jmp/0xz  T_2.6, 4;
    %vpi_call 2 59 "$display", "test failed for q=1, t=1" {0 0 0};
T_2.6 ;
    %pushi/vec4 0, 0, 1;
    %store/vec4 v0000019371fd4160_0, 0, 1;
    %delay 5, 0;
    %pushi/vec4 1, 0, 1;
    %store/vec4 v000001937215ac90_0, 0, 1;
    %pushi/vec4 1, 0, 1;
    %store/vec4 v0000019371fd4160_0, 0, 1;
    %delay 5, 0;
    %load/vec4 v0000019371fd4200_0;
    %pad/u 32;
    %cmpi/ne 0, 0, 32;
    %jmp/0xz  T_2.8, 4;
    %vpi_call 2 68 "$display", "test failed for clear=1" {0 0 0};
T_2.8 ;
    %end;
    .thread T_2;
# The file index is used to find the file name in the following table.
:file_names 4;
    "N/A";
    "<interactive>";
    ".\\t_ff_tb.v";
    ".\\t_ff.v";
