#! /c/Source/iverilog-install/bin/vvp
:ivl_version "12.0 (devel)" "(s20150603-1110-g18392a46)";
:ivl_delay_selection "TYPICAL";
:vpi_time_precision + 0;
:vpi_module "C:\iverilog\lib\ivl\system.vpi";
:vpi_module "C:\iverilog\lib\ivl\vhdl_sys.vpi";
:vpi_module "C:\iverilog\lib\ivl\vhdl_textio.vpi";
:vpi_module "C:\iverilog\lib\ivl\v2005_math.vpi";
:vpi_module "C:\iverilog\lib\ivl\va_math.vpi";
S_00000160e9558490 .scope module, "half_adder_tb" "half_adder_tb" 2 1;
 .timescale 0 0;
v00000160e959ec80_0 .var "Fault_Indicator", 0 0;
v00000160e95fec00_0 .var "a", 0 0;
v00000160e95ff600_0 .var "b", 0 0;
v00000160e95ff9c0_0 .net "c", 0 0, L_00000160e959da00;  1 drivers
v00000160e95fede0_0 .net "s", 0 0, L_00000160e959d610;  1 drivers
S_00000160e9595820 .scope module, "DUT" "half_adder" 2 8, 3 1 0, S_00000160e9558490;
 .timescale 0 0;
    .port_info 0 /INPUT 1 "a";
    .port_info 1 /INPUT 1 "b";
    .port_info 2 /OUTPUT 1 "s";
    .port_info 3 /OUTPUT 1 "c";
L_00000160e959d610 .functor XOR 1, v00000160e95fec00_0, v00000160e95ff600_0, C4<0>, C4<0>;
L_00000160e959da00 .functor AND 1, v00000160e95fec00_0, v00000160e95ff600_0, C4<1>, C4<1>;
v00000160e95aeb20_0 .net "a", 0 0, v00000160e95fec00_0;  1 drivers
v00000160e9573380_0 .net "b", 0 0, v00000160e95ff600_0;  1 drivers
v00000160e959eb40_0 .net "c", 0 0, L_00000160e959da00;  alias, 1 drivers
v00000160e959ebe0_0 .net "s", 0 0, L_00000160e959d610;  alias, 1 drivers
    .scope S_00000160e9558490;
T_0 ;
    %vpi_call 2 11 "$dumpfile", "The_output.vcd" {0 0 0};
    %vpi_call 2 12 "$dumpvars", 32'sb00000000000000000000000000000000, v00000160e95fec00_0 {0 0 0};
    %vpi_call 2 13 "$dumpvars", 32'sb00000000000000000000000000000000, v00000160e95ff600_0 {0 0 0};
    %vpi_call 2 14 "$dumpvars", 32'sb00000000000000000000000000000000, v00000160e95fede0_0 {0 0 0};
    %vpi_call 2 15 "$dumpvars", 32'sb00000000000000000000000000000000, v00000160e95ff9c0_0 {0 0 0};
    %vpi_call 2 16 "$dumpvars", 32'sb00000000000000000000000000000000, v00000160e959ec80_0 {0 0 0};
    %pushi/vec4 0, 0, 1;
    %store/vec4 v00000160e959ec80_0, 0, 1;
    %end;
    .thread T_0;
    .scope S_00000160e9558490;
T_1 ;
    %pushi/vec4 0, 0, 1;
    %store/vec4 v00000160e95fec00_0, 0, 1;
    %pushi/vec4 0, 0, 1;
    %store/vec4 v00000160e95ff600_0, 0, 1;
    %delay 5, 0;
    %load/vec4 v00000160e95fede0_0;
    %pad/u 32;
    %cmpi/ne 0, 0, 32;
    %flag_mov 8, 4;
    %load/vec4 v00000160e95ff9c0_0;
    %pad/u 32;
    %cmpi/ne 0, 0, 32;
    %flag_or 4, 8;
    %jmp/0xz  T_1.0, 4;
    %vpi_call 2 25 "$display", "Test FAILED For (00)!! (a->%d) (b->%d) - (Expected Result: s->0)  (Expected Result: c>0) - (But ALU Result is: s->%d) (But ALU Result is: c->%d) ", v00000160e95fec00_0, v00000160e95ff600_0, v00000160e95fede0_0, v00000160e95ff9c0_0 {0 0 0};
    %pushi/vec4 1, 0, 1;
    %store/vec4 v00000160e959ec80_0, 0, 1;
    %jmp T_1.1;
T_1.0 ;
    %vpi_call 2 29 "$display", "Test Passed For (00)!! (a->%d) (b->%d) - (Expected Result: s->0)  (Expected Result: c>0) - (And ALU Result is: s->%d) (And ALU Result is: c->%d) ", v00000160e95fec00_0, v00000160e95ff600_0, v00000160e95fede0_0, v00000160e95ff9c0_0 {0 0 0};
    %pushi/vec4 0, 0, 1;
    %store/vec4 v00000160e959ec80_0, 0, 1;
T_1.1 ;
    %pushi/vec4 0, 0, 1;
    %store/vec4 v00000160e95fec00_0, 0, 1;
    %pushi/vec4 1, 0, 1;
    %store/vec4 v00000160e95ff600_0, 0, 1;
    %delay 5, 0;
    %load/vec4 v00000160e95fede0_0;
    %pad/u 32;
    %cmpi/ne 1, 0, 32;
    %flag_mov 8, 4;
    %load/vec4 v00000160e95ff9c0_0;
    %pad/u 32;
    %cmpi/ne 0, 0, 32;
    %flag_or 4, 8;
    %jmp/0xz  T_1.2, 4;
    %vpi_call 2 36 "$display", "Test FAILED For (01)!! (a->%d) (b->%d) - (Expected Result: s->0)  (Expected Result: c>1) - (But ALU Result is: s->%d) (But ALU Result is: c->%d) ", v00000160e95fec00_0, v00000160e95ff600_0, v00000160e95fede0_0, v00000160e95ff9c0_0 {0 0 0};
    %pushi/vec4 1, 0, 1;
    %store/vec4 v00000160e959ec80_0, 0, 1;
    %jmp T_1.3;
T_1.2 ;
    %vpi_call 2 40 "$display", "Test Passed For (01)!! (a->%d) (b->%d) - (Expected Result: s->0)  (Expected Result: c>1) - (And ALU Result is: s->%d) (And ALU Result is: c->%d) ", v00000160e95fec00_0, v00000160e95ff600_0, v00000160e95fede0_0, v00000160e95ff9c0_0 {0 0 0};
    %pushi/vec4 0, 0, 1;
    %store/vec4 v00000160e959ec80_0, 0, 1;
T_1.3 ;
    %pushi/vec4 1, 0, 1;
    %store/vec4 v00000160e95fec00_0, 0, 1;
    %pushi/vec4 0, 0, 1;
    %store/vec4 v00000160e95ff600_0, 0, 1;
    %delay 5, 0;
    %load/vec4 v00000160e95fede0_0;
    %pad/u 32;
    %cmpi/ne 1, 0, 32;
    %flag_mov 8, 4;
    %load/vec4 v00000160e95ff9c0_0;
    %pad/u 32;
    %cmpi/ne 0, 0, 32;
    %flag_or 4, 8;
    %jmp/0xz  T_1.4, 4;
    %vpi_call 2 47 "$display", "Test FAILED For (10)!! (a->%d) (b->%d) - (Expected Result: s->1)  (Expected Result: c>0) - (But ALU Result is: s->%d) (But ALU Result is: c->%d) ", v00000160e95fec00_0, v00000160e95ff600_0, v00000160e95fede0_0, v00000160e95ff9c0_0 {0 0 0};
    %pushi/vec4 1, 0, 1;
    %store/vec4 v00000160e959ec80_0, 0, 1;
    %jmp T_1.5;
T_1.4 ;
    %vpi_call 2 51 "$display", "Test Passed For (10)!! (a->%d) (b->%d) - (Expected Result: s->1)  (Expected Result: c>0) - (And ALU Result is: s->%d) (And ALU Result is: c->%d) ", v00000160e95fec00_0, v00000160e95ff600_0, v00000160e95fede0_0, v00000160e95ff9c0_0 {0 0 0};
    %pushi/vec4 0, 0, 1;
    %store/vec4 v00000160e959ec80_0, 0, 1;
T_1.5 ;
    %pushi/vec4 1, 0, 1;
    %store/vec4 v00000160e95fec00_0, 0, 1;
    %pushi/vec4 1, 0, 1;
    %store/vec4 v00000160e95ff600_0, 0, 1;
    %delay 5, 0;
    %load/vec4 v00000160e95fede0_0;
    %pad/u 32;
    %cmpi/ne 0, 0, 32;
    %flag_mov 8, 4;
    %load/vec4 v00000160e95ff9c0_0;
    %pad/u 32;
    %cmpi/ne 1, 0, 32;
    %flag_or 4, 8;
    %jmp/0xz  T_1.6, 4;
    %vpi_call 2 58 "$display", "Test FAILED For (11)!! (a->%d) (b->%d) - (Expected Result: s->1)  (Expected Result: c>1) - (But ALU Result is: s->%d) (But ALU Result is: c->%d) ", v00000160e95fec00_0, v00000160e95ff600_0, v00000160e95fede0_0, v00000160e95ff9c0_0 {0 0 0};
    %pushi/vec4 1, 0, 1;
    %store/vec4 v00000160e959ec80_0, 0, 1;
    %jmp T_1.7;
T_1.6 ;
    %vpi_call 2 62 "$display", "Test Passed For (11)!! (a->%d) (b->%d) - (Expected Result: s->1)  (Expected Result: c>1) - (And ALU Result is: s->%d) (And ALU Result is: c->%d) ", v00000160e95fec00_0, v00000160e95ff600_0, v00000160e95fede0_0, v00000160e95ff9c0_0 {0 0 0};
    %pushi/vec4 0, 0, 1;
    %store/vec4 v00000160e959ec80_0, 0, 1;
T_1.7 ;
    %end;
    .thread T_1;
# The file index is used to find the file name in the following table.
:file_names 4;
    "N/A";
    "<interactive>";
    ".\\half_adder_tb.v";
    ".\\half_adder.v";
